2025-03-05 08:21:45.921 [main] INFO  c.e.springboot.SpringbootApplication - Starting SpringbootApplication using Java 17.0.5 with PID 2248 (D:\Project\library-management\springboot\target\classes started by 19039 in D:\Project\library-management)
2025-03-05 08:21:45.923 [main] DEBUG c.e.springboot.SpringbootApplication - Running with Spring Boot v3.3.5, Spring v6.1.14
2025-03-05 08:21:45.924 [main] INFO  c.e.springboot.SpringbootApplication - No active profile set, falling back to 1 default profile: "default"
2025-03-05 08:21:46.564 [main] INFO  o.s.d.r.c.RepositoryConfigurationDelegate - Multiple Spring Data modules found, entering strict repository configuration mode
2025-03-05 08:21:46.567 [main] INFO  o.s.d.r.c.RepositoryConfigurationDelegate - Bootstrapping Spring Data Redis repositories in DEFAULT mode.
2025-03-05 08:21:46.599 [main] INFO  o.s.d.r.c.RepositoryConfigurationDelegate - Finished Spring Data repository scanning in 11 ms. Found 0 Redis repository interfaces.
2025-03-05 08:21:47.156 [main] INFO  o.s.b.w.e.tomcat.TomcatWebServer - Tomcat initialized with port 9090 (http)
2025-03-05 08:21:47.159 [main] INFO  o.a.c.core.AprLifecycleListener - An older version [1.3.1] of the Apache Tomcat Native library is installed, while Tomcat recommends a minimum version of [2.0.5]
2025-03-05 08:21:47.160 [main] INFO  o.a.c.core.AprLifecycleListener - Loaded Apache Tomcat Native library [1.3.1] using APR version [1.7.4].
2025-03-05 08:21:47.163 [main] INFO  o.a.c.core.AprLifecycleListener - OpenSSL successfully initialized [OpenSSL 3.0.14 4 Jun 2024]
2025-03-05 08:21:47.169 [main] INFO  o.a.coyote.http11.Http11NioProtocol - Initializing ProtocolHandler ["http-nio-9090"]
2025-03-05 08:21:47.171 [main] INFO  o.a.catalina.core.StandardService - Starting service [Tomcat]
2025-03-05 08:21:47.172 [main] INFO  o.a.catalina.core.StandardEngine - Starting Servlet engine: [Apache Tomcat/10.1.31]
2025-03-05 08:21:47.244 [main] INFO  o.a.c.c.C.[Tomcat].[localhost].[/] - Initializing Spring embedded WebApplicationContext
2025-03-05 08:21:47.244 [main] INFO  o.s.b.w.s.c.ServletWebServerApplicationContext - Root WebApplicationContext: initialization completed in 1284 ms
2025-03-05 08:21:47.954 [main] INFO  com.zaxxer.hikari.HikariDataSource - HikariPool-1 - Starting...
2025-03-05 08:21:48.163 [main] INFO  com.zaxxer.hikari.pool.HikariPool - HikariPool-1 - Added connection com.mysql.cj.jdbc.ConnectionImpl@2aac8ad7
2025-03-05 08:21:48.165 [main] INFO  com.zaxxer.hikari.HikariDataSource - HikariPool-1 - Start completed.
2025-03-05 08:21:48.794 [main] INFO  o.a.coyote.http11.Http11NioProtocol - Starting ProtocolHandler ["http-nio-9090"]
2025-03-05 08:21:48.830 [main] INFO  o.s.b.w.e.tomcat.TomcatWebServer - Tomcat started on port 9090 (http) with context path '/'
2025-03-05 08:21:48.842 [main] INFO  c.e.springboot.SpringbootApplication - Started SpringbootApplication in 3.309 seconds (process running for 3.612)
2025-03-05 08:44:22.404 [SpringApplicationShutdownHook] INFO  com.zaxxer.hikari.HikariDataSource - HikariPool-1 - Shutdown initiated...
2025-03-05 08:44:22.414 [SpringApplicationShutdownHook] INFO  com.zaxxer.hikari.HikariDataSource - HikariPool-1 - Shutdown completed.
2025-03-07 12:57:06.841 [main] INFO  c.e.springboot.SpringbootApplication - Starting SpringbootApplication using Java 17.0.5 with PID 18596 (D:\Project\library-management\springboot\target\classes started by 19039 in D:\Project\library-management)
2025-03-07 12:57:06.844 [main] DEBUG c.e.springboot.SpringbootApplication - Running with Spring Boot v3.3.5, Spring v6.1.14
2025-03-07 12:57:06.845 [main] INFO  c.e.springboot.SpringbootApplication - No active profile set, falling back to 1 default profile: "default"
2025-03-07 12:57:07.494 [main] INFO  o.s.d.r.c.RepositoryConfigurationDelegate - Multiple Spring Data modules found, entering strict repository configuration mode
2025-03-07 12:57:07.497 [main] INFO  o.s.d.r.c.RepositoryConfigurationDelegate - Bootstrapping Spring Data Redis repositories in DEFAULT mode.
2025-03-07 12:57:07.533 [main] INFO  o.s.d.r.c.RepositoryConfigurationDelegate - Finished Spring Data repository scanning in 12 ms. Found 0 Redis repository interfaces.
2025-03-07 12:57:08.058 [main] INFO  o.s.b.w.e.tomcat.TomcatWebServer - Tomcat initialized with port 9090 (http)
2025-03-07 12:57:08.061 [main] INFO  o.a.c.core.AprLifecycleListener - An older version [1.3.1] of the Apache Tomcat Native library is installed, while Tomcat recommends a minimum version of [2.0.5]
2025-03-07 12:57:08.061 [main] INFO  o.a.c.core.AprLifecycleListener - Loaded Apache Tomcat Native library [1.3.1] using APR version [1.7.4].
2025-03-07 12:57:08.089 [main] INFO  o.a.c.core.AprLifecycleListener - OpenSSL successfully initialized [OpenSSL 3.0.14 4 Jun 2024]
2025-03-07 12:57:08.096 [main] INFO  o.a.coyote.http11.Http11NioProtocol - Initializing ProtocolHandler ["http-nio-9090"]
2025-03-07 12:57:08.099 [main] INFO  o.a.catalina.core.StandardService - Starting service [Tomcat]
2025-03-07 12:57:08.099 [main] INFO  o.a.catalina.core.StandardEngine - Starting Servlet engine: [Apache Tomcat/10.1.31]
2025-03-07 12:57:08.167 [main] INFO  o.a.c.c.C.[Tomcat].[localhost].[/] - Initializing Spring embedded WebApplicationContext
2025-03-07 12:57:08.168 [main] INFO  o.s.b.w.s.c.ServletWebServerApplicationContext - Root WebApplicationContext: initialization completed in 1265 ms
2025-03-07 12:57:09.080 [main] INFO  com.zaxxer.hikari.HikariDataSource - HikariPool-1 - Starting...
2025-03-07 12:57:09.307 [main] INFO  com.zaxxer.hikari.pool.HikariPool - HikariPool-1 - Added connection com.mysql.cj.jdbc.ConnectionImpl@2c9cafa5
2025-03-07 12:57:09.308 [main] INFO  com.zaxxer.hikari.HikariDataSource - HikariPool-1 - Start completed.
2025-03-07 12:57:09.893 [main] INFO  o.a.coyote.http11.Http11NioProtocol - Starting ProtocolHandler ["http-nio-9090"]
2025-03-07 12:57:09.921 [main] INFO  o.s.b.w.e.tomcat.TomcatWebServer - Tomcat started on port 9090 (http) with context path '/'
2025-03-07 12:57:09.929 [main] INFO  c.e.springboot.SpringbootApplication - Started SpringbootApplication in 3.524 seconds (process running for 3.891)
2025-03-07 12:57:14.797 [http-nio-9090-exec-1] INFO  o.a.c.c.C.[Tomcat].[localhost].[/] - Initializing Spring DispatcherServlet 'dispatcherServlet'
2025-03-07 12:57:14.798 [http-nio-9090-exec-1] INFO  o.s.web.servlet.DispatcherServlet - Initializing Servlet 'dispatcherServlet'
2025-03-07 12:57:14.798 [http-nio-9090-exec-1] INFO  o.s.web.servlet.DispatcherServlet - Completed initialization in 0 ms
2025-03-07 12:57:14.893 [http-nio-9090-exec-2] DEBUG c.e.s.m.AdminMapper.getByUsername - ==>  Preparing: SELECT * FROM admin WHERE username = ?
2025-03-07 12:57:14.910 [http-nio-9090-exec-2] DEBUG c.e.s.m.AdminMapper.getByUsername - ==> Parameters: admin(String)
2025-03-07 12:57:14.935 [http-nio-9090-exec-2] DEBUG c.e.s.m.AdminMapper.getByUsername - <==      Total: 1
2025-03-07 12:57:17.796 [http-nio-9090-exec-4] DEBUG c.e.s.mapper.AdminMapper.getById - ==>  Preparing: select * from admin where id = ?
2025-03-07 12:57:17.796 [http-nio-9090-exec-4] DEBUG c.e.s.mapper.AdminMapper.getById - ==> Parameters: 47(Integer)
2025-03-07 12:57:17.811 [http-nio-9090-exec-4] DEBUG c.e.s.mapper.AdminMapper.getById - <==      Total: 1
2025-03-07 12:57:17.815 [http-nio-9090-exec-4] DEBUG c.e.s.mapper.AdminMapper.getById - ==>  Preparing: select * from admin where id = ?
2025-03-07 12:57:17.815 [http-nio-9090-exec-4] DEBUG c.e.s.mapper.AdminMapper.getById - ==> Parameters: 47(Integer)
2025-03-07 12:57:17.816 [http-nio-9090-exec-4] DEBUG c.e.s.mapper.AdminMapper.getById - <==      Total: 1
2025-03-07 12:57:19.252 [http-nio-9090-exec-6] DEBUG c.e.s.mapper.AdminMapper.getById - ==>  Preparing: select * from admin where id = ?
2025-03-07 12:57:19.252 [http-nio-9090-exec-6] DEBUG c.e.s.mapper.AdminMapper.getById - ==> Parameters: 47(Integer)
2025-03-07 12:57:19.254 [http-nio-9090-exec-6] DEBUG c.e.s.mapper.AdminMapper.getById - <==      Total: 1
2025-03-07 12:57:19.255 [http-nio-9090-exec-6] DEBUG c.e.s.mapper.CategoryMapper.list - ==>  Preparing: select * from category order by id desc
2025-03-07 12:57:19.256 [http-nio-9090-exec-6] DEBUG c.e.s.mapper.CategoryMapper.list - ==> Parameters: 
2025-03-07 12:57:19.265 [http-nio-9090-exec-6] DEBUG c.e.s.mapper.CategoryMapper.list - <==      Total: 25
2025-03-07 12:57:19.622 [http-nio-9090-exec-8] DEBUG c.e.s.mapper.AdminMapper.getById - ==>  Preparing: select * from admin where id = ?
2025-03-07 12:57:19.623 [http-nio-9090-exec-8] DEBUG c.e.s.mapper.AdminMapper.getById - ==> Parameters: 47(Integer)
2025-03-07 12:57:19.623 [http-nio-9090-exec-8] DEBUG c.e.s.mapper.AdminMapper.getById - <==      Total: 1
2025-03-07 12:57:19.687 [http-nio-9090-exec-8] DEBUG c.e.s.m.B.listByCondition_COUNT - ==>  Preparing: SELECT count(0) FROM book
2025-03-07 12:57:19.687 [http-nio-9090-exec-8] DEBUG c.e.s.m.B.listByCondition_COUNT - ==> Parameters: 
2025-03-07 12:57:19.693 [http-nio-9090-exec-8] DEBUG c.e.s.m.B.listByCondition_COUNT - <==      Total: 1
2025-03-07 12:57:19.693 [http-nio-9090-exec-8] DEBUG c.e.s.m.BookMapper.listByCondition - ==>  Preparing: select * from book LIMIT ?
2025-03-07 12:57:19.693 [http-nio-9090-exec-8] DEBUG c.e.s.m.BookMapper.listByCondition - ==> Parameters: 10(Integer)
2025-03-07 12:57:19.700 [http-nio-9090-exec-8] DEBUG c.e.s.m.BookMapper.listByCondition - <==      Total: 6
2025-03-07 12:57:19.758 [http-nio-9090-exec-10] DEBUG c.e.s.mapper.AdminMapper.getById - ==>  Preparing: select * from admin where id = ?
2025-03-07 12:57:19.758 [http-nio-9090-exec-9] DEBUG c.e.s.mapper.AdminMapper.getById - ==>  Preparing: select * from admin where id = ?
2025-03-07 12:57:19.759 [http-nio-9090-exec-10] DEBUG c.e.s.mapper.AdminMapper.getById - ==> Parameters: 51(Integer)
2025-03-07 12:57:19.759 [http-nio-9090-exec-9] DEBUG c.e.s.mapper.AdminMapper.getById - ==> Parameters: 51(Integer)
2025-03-07 12:57:19.760 [http-nio-9090-exec-10] DEBUG c.e.s.mapper.AdminMapper.getById - <==      Total: 0
2025-03-07 12:57:19.760 [http-nio-9090-exec-9] DEBUG c.e.s.mapper.AdminMapper.getById - <==      Total: 0
2025-03-07 12:57:19.763 [http-nio-9090-exec-10] ERROR c.e.s.exception.ExceptionHandle - 业务异常
com.example.springboot.exception.ServiceException: 用户不存在，请重新登录
	at com.example.springboot.common.JwtInterceptor.preHandle(JwtInterceptor.java:56)
	at org.springframework.web.servlet.HandlerExecutionChain.applyPreHandle(HandlerExecutionChain.java:146)
	at org.springframework.web.servlet.DispatcherServlet.doDispatch(DispatcherServlet.java:1084)
	at org.springframework.web.servlet.DispatcherServlet.doService(DispatcherServlet.java:979)
	at org.springframework.web.servlet.FrameworkServlet.processRequest(FrameworkServlet.java:1014)
	at org.springframework.web.servlet.FrameworkServlet.doGet(FrameworkServlet.java:903)
	at jakarta.servlet.http.HttpServlet.service(HttpServlet.java:564)
	at org.springframework.web.servlet.FrameworkServlet.service(FrameworkServlet.java:885)
	at jakarta.servlet.http.HttpServlet.service(HttpServlet.java:658)
	at org.apache.catalina.core.ApplicationFilterChain.internalDoFilter(ApplicationFilterChain.java:195)
	at org.apache.catalina.core.ApplicationFilterChain.doFilter(ApplicationFilterChain.java:140)
	at org.apache.tomcat.websocket.server.WsFilter.doFilter(WsFilter.java:51)
	at org.apache.catalina.core.ApplicationFilterChain.internalDoFilter(ApplicationFilterChain.java:164)
	at org.apache.catalina.core.ApplicationFilterChain.doFilter(ApplicationFilterChain.java:140)
	at org.springframework.web.filter.CorsFilter.doFilterInternal(CorsFilter.java:91)
	at org.springframework.web.filter.OncePerRequestFilter.doFilter(OncePerRequestFilter.java:116)
	at org.apache.catalina.core.ApplicationFilterChain.internalDoFilter(ApplicationFilterChain.java:164)
	at org.apache.catalina.core.ApplicationFilterChain.doFilter(ApplicationFilterChain.java:140)
	at org.springframework.web.filter.RequestContextFilter.doFilterInternal(RequestContextFilter.java:100)
	at org.springframework.web.filter.OncePerRequestFilter.doFilter(OncePerRequestFilter.java:116)
	at org.apache.catalina.core.ApplicationFilterChain.internalDoFilter(ApplicationFilterChain.java:164)
	at org.apache.catalina.core.ApplicationFilterChain.doFilter(ApplicationFilterChain.java:140)
	at org.springframework.web.filter.FormContentFilter.doFilterInternal(FormContentFilter.java:93)
	at org.springframework.web.filter.OncePerRequestFilter.doFilter(OncePerRequestFilter.java:116)
	at org.apache.catalina.core.ApplicationFilterChain.internalDoFilter(ApplicationFilterChain.java:164)
	at org.apache.catalina.core.ApplicationFilterChain.doFilter(ApplicationFilterChain.java:140)
	at org.springframework.web.filter.CharacterEncodingFilter.doFilterInternal(CharacterEncodingFilter.java:201)
	at org.springframework.web.filter.OncePerRequestFilter.doFilter(OncePerRequestFilter.java:116)
	at org.apache.catalina.core.ApplicationFilterChain.internalDoFilter(ApplicationFilterChain.java:164)
	at org.apache.catalina.core.ApplicationFilterChain.doFilter(ApplicationFilterChain.java:140)
	at org.apache.catalina.core.StandardWrapperValve.invoke(StandardWrapperValve.java:167)
	at org.apache.catalina.core.StandardContextValve.invoke(StandardContextValve.java:90)
	at org.apache.catalina.authenticator.AuthenticatorBase.invoke(AuthenticatorBase.java:483)
	at org.apache.catalina.core.StandardHostValve.invoke(StandardHostValve.java:115)
	at org.apache.catalina.valves.ErrorReportValve.invoke(ErrorReportValve.java:93)
	at org.apache.catalina.core.StandardEngineValve.invoke(StandardEngineValve.java:74)
	at org.apache.catalina.connector.CoyoteAdapter.service(CoyoteAdapter.java:344)
	at org.apache.coyote.http11.Http11Processor.service(Http11Processor.java:384)
	at org.apache.coyote.AbstractProcessorLight.process(AbstractProcessorLight.java:63)
	at org.apache.coyote.AbstractProtocol$ConnectionHandler.process(AbstractProtocol.java:905)
	at org.apache.tomcat.util.net.NioEndpoint$SocketProcessor.doRun(NioEndpoint.java:1741)
	at org.apache.tomcat.util.net.SocketProcessorBase.run(SocketProcessorBase.java:52)
	at org.apache.tomcat.util.threads.ThreadPoolExecutor.runWorker(ThreadPoolExecutor.java:1190)
	at org.apache.tomcat.util.threads.ThreadPoolExecutor$Worker.run(ThreadPoolExecutor.java:659)
	at org.apache.tomcat.util.threads.TaskThread$WrappingRunnable.run(TaskThread.java:63)
	at java.base/java.lang.Thread.run(Thread.java:833)
2025-03-07 12:57:19.763 [http-nio-9090-exec-9] ERROR c.e.s.exception.ExceptionHandle - 业务异常
com.example.springboot.exception.ServiceException: 用户不存在，请重新登录
	at com.example.springboot.common.JwtInterceptor.preHandle(JwtInterceptor.java:56)
	at org.springframework.web.servlet.HandlerExecutionChain.applyPreHandle(HandlerExecutionChain.java:146)
	at org.springframework.web.servlet.DispatcherServlet.doDispatch(DispatcherServlet.java:1084)
	at org.springframework.web.servlet.DispatcherServlet.doService(DispatcherServlet.java:979)
	at org.springframework.web.servlet.FrameworkServlet.processRequest(FrameworkServlet.java:1014)
	at org.springframework.web.servlet.FrameworkServlet.doGet(FrameworkServlet.java:903)
	at jakarta.servlet.http.HttpServlet.service(HttpServlet.java:564)
	at org.springframework.web.servlet.FrameworkServlet.service(FrameworkServlet.java:885)
	at jakarta.servlet.http.HttpServlet.service(HttpServlet.java:658)
	at org.apache.catalina.core.ApplicationFilterChain.internalDoFilter(ApplicationFilterChain.java:195)
	at org.apache.catalina.core.ApplicationFilterChain.doFilter(ApplicationFilterChain.java:140)
	at org.apache.tomcat.websocket.server.WsFilter.doFilter(WsFilter.java:51)
	at org.apache.catalina.core.ApplicationFilterChain.internalDoFilter(ApplicationFilterChain.java:164)
	at org.apache.catalina.core.ApplicationFilterChain.doFilter(ApplicationFilterChain.java:140)
	at org.springframework.web.filter.CorsFilter.doFilterInternal(CorsFilter.java:91)
	at org.springframework.web.filter.OncePerRequestFilter.doFilter(OncePerRequestFilter.java:116)
	at org.apache.catalina.core.ApplicationFilterChain.internalDoFilter(ApplicationFilterChain.java:164)
	at org.apache.catalina.core.ApplicationFilterChain.doFilter(ApplicationFilterChain.java:140)
	at org.springframework.web.filter.RequestContextFilter.doFilterInternal(RequestContextFilter.java:100)
	at org.springframework.web.filter.OncePerRequestFilter.doFilter(OncePerRequestFilter.java:116)
	at org.apache.catalina.core.ApplicationFilterChain.internalDoFilter(ApplicationFilterChain.java:164)
	at org.apache.catalina.core.ApplicationFilterChain.doFilter(ApplicationFilterChain.java:140)
	at org.springframework.web.filter.FormContentFilter.doFilterInternal(FormContentFilter.java:93)
	at org.springframework.web.filter.OncePerRequestFilter.doFilter(OncePerRequestFilter.java:116)
	at org.apache.catalina.core.ApplicationFilterChain.internalDoFilter(ApplicationFilterChain.java:164)
	at org.apache.catalina.core.ApplicationFilterChain.doFilter(ApplicationFilterChain.java:140)
	at org.springframework.web.filter.CharacterEncodingFilter.doFilterInternal(CharacterEncodingFilter.java:201)
	at org.springframework.web.filter.OncePerRequestFilter.doFilter(OncePerRequestFilter.java:116)
	at org.apache.catalina.core.ApplicationFilterChain.internalDoFilter(ApplicationFilterChain.java:164)
	at org.apache.catalina.core.ApplicationFilterChain.doFilter(ApplicationFilterChain.java:140)
	at org.apache.catalina.core.StandardWrapperValve.invoke(StandardWrapperValve.java:167)
	at org.apache.catalina.core.StandardContextValve.invoke(StandardContextValve.java:90)
	at org.apache.catalina.authenticator.AuthenticatorBase.invoke(AuthenticatorBase.java:483)
	at org.apache.catalina.core.StandardHostValve.invoke(StandardHostValve.java:115)
	at org.apache.catalina.valves.ErrorReportValve.invoke(ErrorReportValve.java:93)
	at org.apache.catalina.core.StandardEngineValve.invoke(StandardEngineValve.java:74)
	at org.apache.catalina.connector.CoyoteAdapter.service(CoyoteAdapter.java:344)
	at org.apache.coyote.http11.Http11Processor.service(Http11Processor.java:384)
	at org.apache.coyote.AbstractProcessorLight.process(AbstractProcessorLight.java:63)
	at org.apache.coyote.AbstractProtocol$ConnectionHandler.process(AbstractProtocol.java:905)
	at org.apache.tomcat.util.net.NioEndpoint$SocketProcessor.doRun(NioEndpoint.java:1741)
	at org.apache.tomcat.util.net.SocketProcessorBase.run(SocketProcessorBase.java:52)
	at org.apache.tomcat.util.threads.ThreadPoolExecutor.runWorker(ThreadPoolExecutor.java:1190)
	at org.apache.tomcat.util.threads.ThreadPoolExecutor$Worker.run(ThreadPoolExecutor.java:659)
	at org.apache.tomcat.util.threads.TaskThread$WrappingRunnable.run(TaskThread.java:63)
	at java.base/java.lang.Thread.run(Thread.java:833)
2025-03-07 12:57:21.174 [http-nio-9090-exec-3] DEBUG c.e.s.mapper.AdminMapper.getById - ==>  Preparing: select * from admin where id = ?
2025-03-07 12:57:21.175 [http-nio-9090-exec-3] DEBUG c.e.s.mapper.AdminMapper.getById - ==> Parameters: 47(Integer)
2025-03-07 12:57:21.176 [http-nio-9090-exec-3] DEBUG c.e.s.mapper.AdminMapper.getById - <==      Total: 1
2025-03-07 12:57:21.178 [http-nio-9090-exec-3] DEBUG c.e.s.mapper.CategoryMapper.list - ==>  Preparing: select * from category order by id desc
2025-03-07 12:57:21.178 [http-nio-9090-exec-3] DEBUG c.e.s.mapper.CategoryMapper.list - ==> Parameters: 
2025-03-07 12:57:21.182 [http-nio-9090-exec-3] DEBUG c.e.s.mapper.CategoryMapper.list - <==      Total: 25
2025-03-07 12:57:23.736 [http-nio-9090-exec-6] DEBUG c.e.s.mapper.AdminMapper.getById - ==>  Preparing: select * from admin where id = ?
2025-03-07 12:57:23.737 [http-nio-9090-exec-6] DEBUG c.e.s.mapper.AdminMapper.getById - ==> Parameters: 47(Integer)
2025-03-07 12:57:23.738 [http-nio-9090-exec-6] DEBUG c.e.s.mapper.AdminMapper.getById - <==      Total: 1
2025-03-07 12:57:23.738 [http-nio-9090-exec-7] DEBUG c.e.s.mapper.AdminMapper.getById - ==>  Preparing: select * from admin where id = ?
2025-03-07 12:57:23.738 [http-nio-9090-exec-7] DEBUG c.e.s.mapper.AdminMapper.getById - ==> Parameters: 47(Integer)
2025-03-07 12:57:23.739 [http-nio-9090-exec-7] DEBUG c.e.s.mapper.AdminMapper.getById - <==      Total: 1
2025-03-07 12:57:23.739 [http-nio-9090-exec-6] DEBUG c.e.s.mapper.BookMapper.list - ==>  Preparing: select * from book order by id desc
2025-03-07 12:57:23.740 [http-nio-9090-exec-6] DEBUG c.e.s.mapper.BookMapper.list - ==> Parameters: 
2025-03-07 12:57:23.741 [http-nio-9090-exec-7] DEBUG c.e.s.mapper.UserMapper.list - ==>  Preparing: select * from user
2025-03-07 12:57:23.742 [http-nio-9090-exec-7] DEBUG c.e.s.mapper.UserMapper.list - ==> Parameters: 
2025-03-07 12:57:23.742 [http-nio-9090-exec-6] DEBUG c.e.s.mapper.BookMapper.list - <==      Total: 6
2025-03-07 12:57:23.748 [http-nio-9090-exec-7] DEBUG c.e.s.mapper.UserMapper.list - <==      Total: 12
2025-03-07 12:57:25.012 [http-nio-9090-exec-10] DEBUG c.e.s.mapper.AdminMapper.getById - ==>  Preparing: select * from admin where id = ?
2025-03-07 12:57:25.013 [http-nio-9090-exec-10] DEBUG c.e.s.mapper.AdminMapper.getById - ==> Parameters: 47(Integer)
2025-03-07 12:57:25.013 [http-nio-9090-exec-10] DEBUG c.e.s.mapper.AdminMapper.getById - <==      Total: 1
2025-03-07 12:57:25.015 [http-nio-9090-exec-10] DEBUG c.e.s.mapper.BookMapper.getById - ==>  Preparing: select * from book where id = ?
2025-03-07 12:57:25.015 [http-nio-9090-exec-10] DEBUG c.e.s.mapper.BookMapper.getById - ==> Parameters: 10(Integer)
2025-03-07 12:57:25.015 [http-nio-9090-exec-10] DEBUG c.e.s.mapper.BookMapper.getById - <==      Total: 1
2025-03-07 12:57:26.808 [http-nio-9090-exec-1] DEBUG c.e.s.mapper.AdminMapper.getById - ==>  Preparing: select * from admin where id = ?
2025-03-07 12:57:26.808 [http-nio-9090-exec-1] DEBUG c.e.s.mapper.AdminMapper.getById - ==> Parameters: 47(Integer)
2025-03-07 12:57:26.809 [http-nio-9090-exec-1] DEBUG c.e.s.mapper.AdminMapper.getById - <==      Total: 1
2025-03-07 12:57:26.811 [http-nio-9090-exec-1] DEBUG c.e.s.mapper.UserMapper.getById - ==>  Preparing: select * from user where id = ?
2025-03-07 12:57:26.811 [http-nio-9090-exec-1] DEBUG c.e.s.mapper.UserMapper.getById - ==> Parameters: 15(Integer)
2025-03-07 12:57:26.812 [http-nio-9090-exec-1] DEBUG c.e.s.mapper.UserMapper.getById - <==      Total: 1
2025-03-07 12:57:29.041 [http-nio-9090-exec-3] DEBUG c.e.s.mapper.AdminMapper.getById - ==>  Preparing: select * from admin where id = ?
2025-03-07 12:57:29.041 [http-nio-9090-exec-3] DEBUG c.e.s.mapper.AdminMapper.getById - ==> Parameters: 47(Integer)
2025-03-07 12:57:29.042 [http-nio-9090-exec-3] DEBUG c.e.s.mapper.AdminMapper.getById - <==      Total: 1
2025-03-07 12:57:29.681 [http-nio-9090-exec-3] ERROR c.e.s.exception.ExceptionHandle - 系统错误
org.springframework.data.redis.RedisConnectionFailureException: Unable to connect to Redis
	at org.springframework.data.redis.connection.lettuce.LettuceConnectionFactory$ExceptionTranslatingConnectionProvider.translateException(LettuceConnectionFactory.java:1849)
	at org.springframework.data.redis.connection.lettuce.LettuceConnectionFactory$ExceptionTranslatingConnectionProvider.getConnection(LettuceConnectionFactory.java:1780)
	at org.springframework.data.redis.connection.lettuce.LettuceConnectionFactory$SharedConnection.getNativeConnection(LettuceConnectionFactory.java:1582)
	at org.springframework.data.redis.connection.lettuce.LettuceConnectionFactory$SharedConnection.lambda$getConnection$0(LettuceConnectionFactory.java:1562)
	at org.springframework.data.redis.connection.lettuce.LettuceConnectionFactory.doInLock(LettuceConnectionFactory.java:1523)
	at org.springframework.data.redis.connection.lettuce.LettuceConnectionFactory$SharedConnection.getConnection(LettuceConnectionFactory.java:1559)
	at org.springframework.data.redis.connection.lettuce.LettuceConnectionFactory.getSharedConnection(LettuceConnectionFactory.java:1245)
	at org.springframework.data.redis.connection.lettuce.LettuceConnectionFactory.getConnection(LettuceConnectionFactory.java:1051)
	at org.springframework.data.redis.core.RedisConnectionUtils.fetchConnection(RedisConnectionUtils.java:195)
	at org.springframework.data.redis.core.RedisConnectionUtils.doGetConnection(RedisConnectionUtils.java:144)
	at org.springframework.data.redis.core.RedisConnectionUtils.getConnection(RedisConnectionUtils.java:105)
	at org.springframework.data.redis.core.RedisTemplate.execute(RedisTemplate.java:398)
	at org.springframework.data.redis.core.RedisTemplate.execute(RedisTemplate.java:378)
	at org.springframework.data.redis.core.AbstractOperations.execute(AbstractOperations.java:97)
	at org.springframework.data.redis.core.DefaultValueOperations.setIfAbsent(DefaultValueOperations.java:299)
	at com.example.springboot.service.impl.BorrowService.tryLock(BorrowService.java:261)
	at com.example.springboot.service.impl.BorrowService.save(BorrowService.java:113)
	at java.base/jdk.internal.reflect.NativeMethodAccessorImpl.invoke0(Native Method)
	at java.base/jdk.internal.reflect.NativeMethodAccessorImpl.invoke(NativeMethodAccessorImpl.java:77)
	at java.base/jdk.internal.reflect.DelegatingMethodAccessorImpl.invoke(DelegatingMethodAccessorImpl.java:43)
	at java.base/java.lang.reflect.Method.invoke(Method.java:568)
	at org.springframework.aop.support.AopUtils.invokeJoinpointUsingReflection(AopUtils.java:355)
	at org.springframework.aop.framework.ReflectiveMethodInvocation.invokeJoinpoint(ReflectiveMethodInvocation.java:196)
	at org.springframework.aop.framework.ReflectiveMethodInvocation.proceed(ReflectiveMethodInvocation.java:163)
	at org.springframework.aop.framework.CglibAopProxy$CglibMethodInvocation.proceed(CglibAopProxy.java:768)
	at org.springframework.transaction.interceptor.TransactionAspectSupport.invokeWithinTransaction(TransactionAspectSupport.java:379)
	at org.springframework.transaction.interceptor.TransactionInterceptor.invoke(TransactionInterceptor.java:119)
	at org.springframework.aop.framework.ReflectiveMethodInvocation.proceed(ReflectiveMethodInvocation.java:184)
	at org.springframework.aop.framework.CglibAopProxy$CglibMethodInvocation.proceed(CglibAopProxy.java:768)
	at org.springframework.aop.framework.CglibAopProxy$DynamicAdvisedInterceptor.intercept(CglibAopProxy.java:720)
	at com.example.springboot.service.impl.BorrowService$$SpringCGLIB$$0.save(<generated>)
	at com.example.springboot.controller.BorrowController.save(BorrowController.java:29)
	at java.base/jdk.internal.reflect.NativeMethodAccessorImpl.invoke0(Native Method)
	at java.base/jdk.internal.reflect.NativeMethodAccessorImpl.invoke(NativeMethodAccessorImpl.java:77)
	at java.base/jdk.internal.reflect.DelegatingMethodAccessorImpl.invoke(DelegatingMethodAccessorImpl.java:43)
	at java.base/java.lang.reflect.Method.invoke(Method.java:568)
	at org.springframework.web.method.support.InvocableHandlerMethod.doInvoke(InvocableHandlerMethod.java:255)
	at org.springframework.web.method.support.InvocableHandlerMethod.invokeForRequest(InvocableHandlerMethod.java:188)
	at org.springframework.web.servlet.mvc.method.annotation.ServletInvocableHandlerMethod.invokeAndHandle(ServletInvocableHandlerMethod.java:118)
	at org.springframework.web.servlet.mvc.method.annotation.RequestMappingHandlerAdapter.invokeHandlerMethod(RequestMappingHandlerAdapter.java:926)
	at org.springframework.web.servlet.mvc.method.annotation.RequestMappingHandlerAdapter.handleInternal(RequestMappingHandlerAdapter.java:831)
	at org.springframework.web.servlet.mvc.method.AbstractHandlerMethodAdapter.handle(AbstractHandlerMethodAdapter.java:87)
	at org.springframework.web.servlet.DispatcherServlet.doDispatch(DispatcherServlet.java:1089)
	at org.springframework.web.servlet.DispatcherServlet.doService(DispatcherServlet.java:979)
	at org.springframework.web.servlet.FrameworkServlet.processRequest(FrameworkServlet.java:1014)
	at org.springframework.web.servlet.FrameworkServlet.doPost(FrameworkServlet.java:914)
	at jakarta.servlet.http.HttpServlet.service(HttpServlet.java:590)
	at org.springframework.web.servlet.FrameworkServlet.service(FrameworkServlet.java:885)
	at jakarta.servlet.http.HttpServlet.service(HttpServlet.java:658)
	at org.apache.catalina.core.ApplicationFilterChain.internalDoFilter(ApplicationFilterChain.java:195)
	at org.apache.catalina.core.ApplicationFilterChain.doFilter(ApplicationFilterChain.java:140)
	at org.apache.tomcat.websocket.server.WsFilter.doFilter(WsFilter.java:51)
	at org.apache.catalina.core.ApplicationFilterChain.internalDoFilter(ApplicationFilterChain.java:164)
	at org.apache.catalina.core.ApplicationFilterChain.doFilter(ApplicationFilterChain.java:140)
	at org.springframework.web.filter.CorsFilter.doFilterInternal(CorsFilter.java:91)
	at org.springframework.web.filter.OncePerRequestFilter.doFilter(OncePerRequestFilter.java:116)
	at org.apache.catalina.core.ApplicationFilterChain.internalDoFilter(ApplicationFilterChain.java:164)
	at org.apache.catalina.core.ApplicationFilterChain.doFilter(ApplicationFilterChain.java:140)
	at org.springframework.web.filter.RequestContextFilter.doFilterInternal(RequestContextFilter.java:100)
	at org.springframework.web.filter.OncePerRequestFilter.doFilter(OncePerRequestFilter.java:116)
	at org.apache.catalina.core.ApplicationFilterChain.internalDoFilter(ApplicationFilterChain.java:164)
	at org.apache.catalina.core.ApplicationFilterChain.doFilter(ApplicationFilterChain.java:140)
	at org.springframework.web.filter.FormContentFilter.doFilterInternal(FormContentFilter.java:93)
	at org.springframework.web.filter.OncePerRequestFilter.doFilter(OncePerRequestFilter.java:116)
	at org.apache.catalina.core.ApplicationFilterChain.internalDoFilter(ApplicationFilterChain.java:164)
	at org.apache.catalina.core.ApplicationFilterChain.doFilter(ApplicationFilterChain.java:140)
	at org.springframework.web.filter.CharacterEncodingFilter.doFilterInternal(CharacterEncodingFilter.java:201)
	at org.springframework.web.filter.OncePerRequestFilter.doFilter(OncePerRequestFilter.java:116)
	at org.apache.catalina.core.ApplicationFilterChain.internalDoFilter(ApplicationFilterChain.java:164)
	at org.apache.catalina.core.ApplicationFilterChain.doFilter(ApplicationFilterChain.java:140)
	at org.apache.catalina.core.StandardWrapperValve.invoke(StandardWrapperValve.java:167)
	at org.apache.catalina.core.StandardContextValve.invoke(StandardContextValve.java:90)
	at org.apache.catalina.authenticator.AuthenticatorBase.invoke(AuthenticatorBase.java:483)
	at org.apache.catalina.core.StandardHostValve.invoke(StandardHostValve.java:115)
	at org.apache.catalina.valves.ErrorReportValve.invoke(ErrorReportValve.java:93)
	at org.apache.catalina.core.StandardEngineValve.invoke(StandardEngineValve.java:74)
	at org.apache.catalina.connector.CoyoteAdapter.service(CoyoteAdapter.java:344)
	at org.apache.coyote.http11.Http11Processor.service(Http11Processor.java:384)
	at org.apache.coyote.AbstractProcessorLight.process(AbstractProcessorLight.java:63)
	at org.apache.coyote.AbstractProtocol$ConnectionHandler.process(AbstractProtocol.java:905)
	at org.apache.tomcat.util.net.NioEndpoint$SocketProcessor.doRun(NioEndpoint.java:1741)
	at org.apache.tomcat.util.net.SocketProcessorBase.run(SocketProcessorBase.java:52)
	at org.apache.tomcat.util.threads.ThreadPoolExecutor.runWorker(ThreadPoolExecutor.java:1190)
	at org.apache.tomcat.util.threads.ThreadPoolExecutor$Worker.run(ThreadPoolExecutor.java:659)
	at org.apache.tomcat.util.threads.TaskThread$WrappingRunnable.run(TaskThread.java:63)
	at java.base/java.lang.Thread.run(Thread.java:833)
Caused by: io.lettuce.core.RedisConnectionException: Unable to connect to localhost/<unresolved>:6379
	at io.lettuce.core.RedisConnectionException.create(RedisConnectionException.java:78)
	at io.lettuce.core.RedisConnectionException.create(RedisConnectionException.java:56)
	at io.lettuce.core.AbstractRedisClient.getConnection(AbstractRedisClient.java:350)
	at io.lettuce.core.RedisClient.connect(RedisClient.java:215)
	at org.springframework.data.redis.connection.lettuce.StandaloneConnectionProvider.lambda$getConnection$1(StandaloneConnectionProvider.java:112)
	at java.base/java.util.Optional.orElseGet(Optional.java:364)
	at org.springframework.data.redis.connection.lettuce.StandaloneConnectionProvider.getConnection(StandaloneConnectionProvider.java:112)
	at org.springframework.data.redis.connection.lettuce.LettuceConnectionFactory$ExceptionTranslatingConnectionProvider.getConnection(LettuceConnectionFactory.java:1778)
	... 84 common frames omitted
Caused by: io.netty.channel.AbstractChannel$AnnotatedConnectException: Connection refused: no further information: localhost/127.0.0.1:6379
Caused by: java.net.ConnectException: Connection refused: no further information
	at java.base/sun.nio.ch.Net.pollConnect(Native Method)
	at java.base/sun.nio.ch.Net.pollConnectNow(Net.java:672)
	at java.base/sun.nio.ch.SocketChannelImpl.finishConnect(SocketChannelImpl.java:946)
	at io.netty.channel.socket.nio.NioSocketChannel.doFinishConnect(NioSocketChannel.java:336)
	at io.netty.channel.nio.AbstractNioChannel$AbstractNioUnsafe.finishConnect(AbstractNioChannel.java:339)
	at io.netty.channel.nio.NioEventLoop.processSelectedKey(NioEventLoop.java:776)
	at io.netty.channel.nio.NioEventLoop.processSelectedKeysOptimized(NioEventLoop.java:724)
	at io.netty.channel.nio.NioEventLoop.processSelectedKeys(NioEventLoop.java:650)
	at io.netty.channel.nio.NioEventLoop.run(NioEventLoop.java:562)
	at io.netty.util.concurrent.SingleThreadEventExecutor$4.run(SingleThreadEventExecutor.java:997)
	at io.netty.util.internal.ThreadExecutorMap$2.run(ThreadExecutorMap.java:74)
	at io.netty.util.concurrent.FastThreadLocalRunnable.run(FastThreadLocalRunnable.java:30)
	at java.base/java.lang.Thread.run(Thread.java:833)
2025-03-07 12:59:13.930 [http-nio-9090-exec-7] DEBUG c.e.s.mapper.AdminMapper.getById - ==>  Preparing: select * from admin where id = ?
2025-03-07 12:59:13.930 [http-nio-9090-exec-7] DEBUG c.e.s.mapper.AdminMapper.getById - ==> Parameters: 47(Integer)
2025-03-07 12:59:13.931 [http-nio-9090-exec-7] DEBUG c.e.s.mapper.AdminMapper.getById - <==      Total: 1
2025-03-07 12:59:14.031 [http-nio-9090-exec-7] DEBUG c.e.s.m.UserMapper.getByUserName - ==>  Preparing: select * from user where username = ?
2025-03-07 12:59:14.031 [http-nio-9090-exec-7] DEBUG c.e.s.m.UserMapper.getByUserName - ==> Parameters: 20241102641070986(String)
2025-03-07 12:59:14.031 [http-nio-9090-exec-7] DEBUG c.e.s.m.UserMapper.getByUserName - <==      Total: 1
2025-03-07 12:59:14.037 [http-nio-9090-exec-7] DEBUG c.e.s.mapper.BookMapper.getByBookNo - ==>  Preparing: SELECT * FROM book WHERE bookNo = ?
2025-03-07 12:59:14.037 [http-nio-9090-exec-7] DEBUG c.e.s.mapper.BookMapper.getByBookNo - ==> Parameters: ISBN：9787513344203(String)
2025-03-07 12:59:14.041 [http-nio-9090-exec-7] DEBUG c.e.s.mapper.BookMapper.getByBookNo - <==      Total: 1
2025-03-07 12:59:14.042 [http-nio-9090-exec-7] DEBUG c.e.s.mapper.UserMapper.decrAccount - ==>  Preparing: UPDATE user SET account = account - ? WHERE username = ? AND account >= ?
2025-03-07 12:59:14.043 [http-nio-9090-exec-7] DEBUG c.e.s.mapper.UserMapper.decrAccount - ==> Parameters: 66(Integer), 20241102641070986(String), 66(Integer)
2025-03-07 12:59:14.059 [http-nio-9090-exec-7] DEBUG c.e.s.mapper.UserMapper.decrAccount - <==    Updates: 1
2025-03-07 12:59:14.059 [http-nio-9090-exec-7] DEBUG c.e.s.mapper.BookMapper.decrStock - ==>  Preparing: UPDATE book SET nums = nums - 1 WHERE bookNo = ? AND nums > 0
2025-03-07 12:59:14.059 [http-nio-9090-exec-7] DEBUG c.e.s.mapper.BookMapper.decrStock - ==> Parameters: ISBN：9787513344203(String)
2025-03-07 12:59:14.069 [http-nio-9090-exec-7] DEBUG c.e.s.mapper.BookMapper.decrStock - <==    Updates: 1
2025-03-07 12:59:14.069 [http-nio-9090-exec-7] DEBUG c.e.s.mapper.BorrowMapper.save - ==>  Preparing: insert into borrow (bookName, bookNo, userId, userName, userPhone, score,status,days,returnDate) values (?, ?, ?, ?, ?, ?,?,?,?)
2025-03-07 12:59:14.069 [http-nio-9090-exec-7] DEBUG c.e.s.mapper.BorrowMapper.save - ==> Parameters: 漫画 JOJO的奇妙冒险 乔乔的奇妙冒险 第三部· 星尘斗士（共16卷）(String), ISBN：9787513344203(String), 20241102641070986(String), 胖猫(String), 12312312313(String), 66(Integer), 已借出(String), 1(Integer), 2025-03-08(LocalDate)
2025-03-07 12:59:14.087 [http-nio-9090-exec-7] DEBUG c.e.s.mapper.BorrowMapper.save - <==    Updates: 1
2025-03-07 12:59:14.088 [http-nio-9090-exec-7] INFO  c.e.s.service.impl.BorrowService - 异步保存借书记录：Borrow(id=null, bookName=漫画 JOJO的奇妙冒险 乔乔的奇妙冒险 第三部· 星尘斗士（共16卷）, bookNo=ISBN：9787513344203, userId=20241102641070986, userName=胖猫, userPhone=12312312313, score=66, createtime=null, updatetime=null, status=已借出, days=1, returnDate=2025-03-08, note=null)
2025-03-07 13:39:09.097 [lettuce-nioEventLoop-4-2] INFO  i.l.core.protocol.CommandHandler - null Unexpected exception during request: java.net.SocketException: Connection reset
java.net.SocketException: Connection reset
	at java.base/sun.nio.ch.SocketChannelImpl.throwConnectionReset(SocketChannelImpl.java:394)
	at java.base/sun.nio.ch.SocketChannelImpl.read(SocketChannelImpl.java:426)
	at io.netty.buffer.PooledByteBuf.setBytes(PooledByteBuf.java:255)
	at io.netty.buffer.AbstractByteBuf.writeBytes(AbstractByteBuf.java:1132)
	at io.netty.channel.socket.nio.NioSocketChannel.doReadBytes(NioSocketChannel.java:356)
	at io.netty.channel.nio.AbstractNioByteChannel$NioByteUnsafe.read(AbstractNioByteChannel.java:151)
	at io.netty.channel.nio.NioEventLoop.processSelectedKey(NioEventLoop.java:788)
	at io.netty.channel.nio.NioEventLoop.processSelectedKeysOptimized(NioEventLoop.java:724)
	at io.netty.channel.nio.NioEventLoop.processSelectedKeys(NioEventLoop.java:650)
	at io.netty.channel.nio.NioEventLoop.run(NioEventLoop.java:562)
	at io.netty.util.concurrent.SingleThreadEventExecutor$4.run(SingleThreadEventExecutor.java:997)
	at io.netty.util.internal.ThreadExecutorMap$2.run(ThreadExecutorMap.java:74)
	at io.netty.util.concurrent.FastThreadLocalRunnable.run(FastThreadLocalRunnable.java:30)
	at java.base/java.lang.Thread.run(Thread.java:833)
2025-03-07 13:39:09.152 [lettuce-eventExecutorLoop-1-2] INFO  i.l.core.protocol.ConnectionWatchdog - Reconnecting, last destination was localhost/127.0.0.1:6379
2025-03-07 13:39:09.158 [lettuce-nioEventLoop-4-3] WARN  i.l.core.protocol.ConnectionWatchdog - Cannot reconnect to [localhost/<unresolved>:6379]: Connection refused: no further information: localhost/127.0.0.1:6379
2025-03-07 13:39:18.249 [lettuce-eventExecutorLoop-1-14] INFO  i.l.core.protocol.ConnectionWatchdog - Reconnecting, last destination was localhost/<unresolved>:6379
2025-03-07 13:39:18.250 [lettuce-nioEventLoop-4-15] WARN  i.l.core.protocol.ConnectionWatchdog - Cannot reconnect to [localhost/<unresolved>:6379]: Connection refused: no further information: localhost/127.0.0.1:6379
2025-03-07 13:39:26.449 [lettuce-eventExecutorLoop-1-15] INFO  i.l.core.protocol.ConnectionWatchdog - Reconnecting, last destination was localhost/<unresolved>:6379
2025-03-07 13:39:26.451 [lettuce-nioEventLoop-4-16] WARN  i.l.core.protocol.ConnectionWatchdog - Cannot reconnect to [localhost/<unresolved>:6379]: Connection refused: no further information: localhost/127.0.0.1:6379
2025-03-07 13:39:42.853 [lettuce-eventExecutorLoop-1-16] INFO  i.l.core.protocol.ConnectionWatchdog - Reconnecting, last destination was localhost/<unresolved>:6379
2025-03-07 13:39:42.855 [lettuce-nioEventLoop-4-1] WARN  i.l.core.protocol.ConnectionWatchdog - Cannot reconnect to [localhost/<unresolved>:6379]: Connection refused: no further information: localhost/127.0.0.1:6379
2025-03-07 13:40:12.949 [lettuce-eventExecutorLoop-1-12] INFO  i.l.core.protocol.ConnectionWatchdog - Reconnecting, last destination was localhost/<unresolved>:6379
2025-03-07 13:40:12.950 [lettuce-nioEventLoop-4-2] WARN  i.l.core.protocol.ConnectionWatchdog - Cannot reconnect to [localhost/<unresolved>:6379]: Connection refused: no further information: localhost/127.0.0.1:6379
2025-03-07 13:40:43.049 [lettuce-eventExecutorLoop-1-1] INFO  i.l.core.protocol.ConnectionWatchdog - Reconnecting, last destination was localhost/<unresolved>:6379
2025-03-07 13:40:43.050 [lettuce-nioEventLoop-4-3] WARN  i.l.core.protocol.ConnectionWatchdog - Cannot reconnect to [localhost/<unresolved>:6379]: Connection refused: no further information: localhost/127.0.0.1:6379
2025-03-07 13:41:13.156 [lettuce-eventExecutorLoop-1-3] INFO  i.l.core.protocol.ConnectionWatchdog - Reconnecting, last destination was localhost/<unresolved>:6379
2025-03-07 13:41:13.157 [lettuce-nioEventLoop-4-4] WARN  i.l.core.protocol.ConnectionWatchdog - Cannot reconnect to [localhost/<unresolved>:6379]: Connection refused: no further information: localhost/127.0.0.1:6379
2025-03-07 13:41:43.258 [lettuce-eventExecutorLoop-1-5] INFO  i.l.core.protocol.ConnectionWatchdog - Reconnecting, last destination was localhost/<unresolved>:6379
2025-03-07 13:41:43.259 [lettuce-eventExecutorLoop-1-5] WARN  i.l.core.protocol.ConnectionWatchdog - Cannot reconnect to [localhost/<unresolved>:6379]: Connection refused: no further information: localhost/127.0.0.1:6379
2025-03-07 13:42:13.351 [lettuce-eventExecutorLoop-1-7] INFO  i.l.core.protocol.ConnectionWatchdog - Reconnecting, last destination was localhost/<unresolved>:6379
2025-03-07 13:42:13.354 [lettuce-nioEventLoop-4-6] WARN  i.l.core.protocol.ConnectionWatchdog - Cannot reconnect to [localhost/<unresolved>:6379]: Connection refused: no further information: localhost/127.0.0.1:6379
2025-03-07 13:42:43.451 [lettuce-eventExecutorLoop-1-9] INFO  i.l.core.protocol.ConnectionWatchdog - Reconnecting, last destination was localhost/<unresolved>:6379
2025-03-07 13:42:43.452 [lettuce-nioEventLoop-4-7] WARN  i.l.core.protocol.ConnectionWatchdog - Cannot reconnect to [localhost/<unresolved>:6379]: Connection refused: no further information: localhost/127.0.0.1:6379
2025-03-07 13:43:13.558 [lettuce-eventExecutorLoop-1-11] INFO  i.l.core.protocol.ConnectionWatchdog - Reconnecting, last destination was localhost/<unresolved>:6379
2025-03-07 13:43:13.559 [lettuce-nioEventLoop-4-8] WARN  i.l.core.protocol.ConnectionWatchdog - Cannot reconnect to [localhost/<unresolved>:6379]: Connection refused: no further information: localhost/127.0.0.1:6379
2025-03-07 13:43:43.654 [lettuce-eventExecutorLoop-1-13] INFO  i.l.core.protocol.ConnectionWatchdog - Reconnecting, last destination was localhost/<unresolved>:6379
2025-03-07 13:43:43.655 [lettuce-nioEventLoop-4-9] WARN  i.l.core.protocol.ConnectionWatchdog - Cannot reconnect to [localhost/<unresolved>:6379]: Connection refused: no further information: localhost/127.0.0.1:6379
2025-03-07 13:44:13.752 [lettuce-eventExecutorLoop-1-15] INFO  i.l.core.protocol.ConnectionWatchdog - Reconnecting, last destination was localhost/<unresolved>:6379
2025-03-07 13:44:13.767 [lettuce-nioEventLoop-4-10] WARN  i.l.core.protocol.ConnectionWatchdog - Cannot reconnect to [localhost/<unresolved>:6379]: Connection refused: no further information: localhost/127.0.0.1:6379
2025-03-07 13:44:43.878 [lettuce-eventExecutorLoop-1-1] INFO  i.l.core.protocol.ConnectionWatchdog - Reconnecting, last destination was localhost/<unresolved>:6379
2025-03-07 13:44:43.879 [lettuce-nioEventLoop-4-11] WARN  i.l.core.protocol.ConnectionWatchdog - Cannot reconnect to [localhost/<unresolved>:6379]: Connection refused: no further information: localhost/127.0.0.1:6379
2025-03-07 13:45:13.948 [lettuce-eventExecutorLoop-1-3] INFO  i.l.core.protocol.ConnectionWatchdog - Reconnecting, last destination was localhost/<unresolved>:6379
2025-03-07 13:45:13.949 [lettuce-nioEventLoop-4-12] WARN  i.l.core.protocol.ConnectionWatchdog - Cannot reconnect to [localhost/<unresolved>:6379]: Connection refused: no further information: localhost/127.0.0.1:6379
2025-03-07 13:45:44.047 [lettuce-eventExecutorLoop-1-5] INFO  i.l.core.protocol.ConnectionWatchdog - Reconnecting, last destination was localhost/<unresolved>:6379
2025-03-07 13:45:44.062 [lettuce-nioEventLoop-4-13] WARN  i.l.core.protocol.ConnectionWatchdog - Cannot reconnect to [localhost/<unresolved>:6379]: Connection refused: no further information: localhost/127.0.0.1:6379
2025-03-07 13:46:14.155 [lettuce-eventExecutorLoop-1-7] INFO  i.l.core.protocol.ConnectionWatchdog - Reconnecting, last destination was localhost/<unresolved>:6379
2025-03-07 13:46:14.156 [lettuce-nioEventLoop-4-14] WARN  i.l.core.protocol.ConnectionWatchdog - Cannot reconnect to [localhost/<unresolved>:6379]: Connection refused: no further information: localhost/127.0.0.1:6379
2025-03-07 13:46:44.249 [lettuce-eventExecutorLoop-1-9] INFO  i.l.core.protocol.ConnectionWatchdog - Reconnecting, last destination was localhost/<unresolved>:6379
2025-03-07 13:46:44.251 [lettuce-nioEventLoop-4-15] WARN  i.l.core.protocol.ConnectionWatchdog - Cannot reconnect to [localhost/<unresolved>:6379]: Connection refused: no further information: localhost/127.0.0.1:6379
2025-03-07 13:47:14.367 [lettuce-eventExecutorLoop-1-11] INFO  i.l.core.protocol.ConnectionWatchdog - Reconnecting, last destination was localhost/<unresolved>:6379
2025-03-07 13:47:14.369 [lettuce-nioEventLoop-4-16] WARN  i.l.core.protocol.ConnectionWatchdog - Cannot reconnect to [localhost/<unresolved>:6379]: Connection refused: no further information: localhost/127.0.0.1:6379
2025-03-07 13:47:44.460 [lettuce-eventExecutorLoop-1-13] INFO  i.l.core.protocol.ConnectionWatchdog - Reconnecting, last destination was localhost/<unresolved>:6379
2025-03-07 13:47:44.461 [lettuce-nioEventLoop-4-1] WARN  i.l.core.protocol.ConnectionWatchdog - Cannot reconnect to [localhost/<unresolved>:6379]: Connection refused: no further information: localhost/127.0.0.1:6379
2025-03-07 13:48:14.554 [lettuce-eventExecutorLoop-1-15] INFO  i.l.core.protocol.ConnectionWatchdog - Reconnecting, last destination was localhost/<unresolved>:6379
2025-03-07 13:48:14.555 [lettuce-nioEventLoop-4-2] WARN  i.l.core.protocol.ConnectionWatchdog - Cannot reconnect to [localhost/<unresolved>:6379]: Connection refused: no further information: localhost/127.0.0.1:6379
2025-03-07 13:48:31.402 [SpringApplicationShutdownHook] INFO  com.zaxxer.hikari.HikariDataSource - HikariPool-1 - Shutdown initiated...
2025-03-07 13:48:31.405 [SpringApplicationShutdownHook] INFO  com.zaxxer.hikari.HikariDataSource - HikariPool-1 - Shutdown completed.
